0 info it worked if it ends with ok
1 verbose cli [ '/usr/bin/node', '/usr/bin/npm', 'run', 'test-with-coverage' ]
2 info using npm@3.5.2
3 info using node@v8.10.0
4 verbose run-script [ 'pretest-with-coverage',
4 verbose run-script   'test-with-coverage',
4 verbose run-script   'posttest-with-coverage' ]
5 info lifecycle GoodIntentionsChatbot@0.0.3~pretest-with-coverage: GoodIntentionsChatbot@0.0.3
6 silly lifecycle GoodIntentionsChatbot@0.0.3~pretest-with-coverage: no script for pretest-with-coverage, continuing
7 info lifecycle GoodIntentionsChatbot@0.0.3~test-with-coverage: GoodIntentionsChatbot@0.0.3
8 verbose lifecycle GoodIntentionsChatbot@0.0.3~test-with-coverage: unsafe-perm in lifecycle true
9 verbose lifecycle GoodIntentionsChatbot@0.0.3~test-with-coverage: PATH: /usr/share/npm/bin/node-gyp-bin:/home/darrenm/Dev/Gi/Core/node_modules/.bin:/home/darrenm/gems/bin:/usr/local/sbin:/usr/local/bin:/usr/sbin:/usr/bin:/sbin:/bin:/usr/games:/usr/local/games
10 verbose lifecycle GoodIntentionsChatbot@0.0.3~test-with-coverage: CWD: /home/darrenm/Dev/Gi/Core
11 silly lifecycle GoodIntentionsChatbot@0.0.3~test-with-coverage: Args: [ '-c',
11 silly lifecycle   'nyc --reporter=html mocha -w --recursive test/**/*.spec.js' ]
12 silly lifecycle GoodIntentionsChatbot@0.0.3~test-with-coverage: Returned: code: 1  signal: null
13 info lifecycle GoodIntentionsChatbot@0.0.3~test-with-coverage: Failed to exec test-with-coverage script
14 verbose stack Error: GoodIntentionsChatbot@0.0.3 test-with-coverage: `nyc --reporter=html mocha -w --recursive test/**/*.spec.js`
14 verbose stack Exit status 1
14 verbose stack     at EventEmitter.<anonymous> (/usr/share/npm/lib/utils/lifecycle.js:232:16)
14 verbose stack     at emitTwo (events.js:126:13)
14 verbose stack     at EventEmitter.emit (events.js:214:7)
14 verbose stack     at ChildProcess.<anonymous> (/usr/share/npm/lib/utils/spawn.js:24:14)
14 verbose stack     at emitTwo (events.js:126:13)
14 verbose stack     at ChildProcess.emit (events.js:214:7)
14 verbose stack     at maybeClose (internal/child_process.js:925:16)
14 verbose stack     at Process.ChildProcess._handle.onexit (internal/child_process.js:209:5)
15 verbose pkgid GoodIntentionsChatbot@0.0.3
16 verbose cwd /home/darrenm/Dev/Gi/Core
17 error Linux 4.15.0-20-generic
18 error argv "/usr/bin/node" "/usr/bin/npm" "run" "test-with-coverage"
19 error node v8.10.0
20 error npm  v3.5.2
21 error code ELIFECYCLE
22 error GoodIntentionsChatbot@0.0.3 test-with-coverage: `nyc --reporter=html mocha -w --recursive test/**/*.spec.js`
22 error Exit status 1
23 error Failed at the GoodIntentionsChatbot@0.0.3 test-with-coverage script 'nyc --reporter=html mocha -w --recursive test/**/*.spec.js'.
23 error Make sure you have the latest version of node.js and npm installed.
23 error If you do, this is most likely a problem with the GoodIntentionsChatbot package,
23 error not with npm itself.
23 error Tell the author that this fails on your system:
23 error     nyc --reporter=html mocha -w --recursive test/**/*.spec.js
23 error You can get information on how to open an issue for this project with:
23 error     npm bugs GoodIntentionsChatbot
23 error Or if that isn't available, you can get their info via:
23 error     npm owner ls GoodIntentionsChatbot
23 error There is likely additional logging output above.
24 verbose exit [ 1, true ]
